f:\c++\my poem\my poem\debug\my poem.pch
f:\c++\my poem\my poem\debug\vc120.pdb
f:\c++\my poem\my poem\debug\vc120.idb
f:\c++\my poem\my poem\debug\stdafx.obj
f:\c++\my poem\my poem\debug\control_poem.obj
f:\c++\my poem\my poem\debug\control_user.obj
f:\c++\my poem\my poem\debug\my poem.obj
f:\c++\my poem\my poem\debug\my poemdlg.obj
f:\c++\my poem\my poem\debug\poem.obj
f:\c++\my poem\my poem\debug\user.obj
f:\c++\my poem\my poem\debug\login.obj
f:\c++\my poem\debug\my poem.ilk
f:\c++\my poem\debug\my poem.exe
f:\c++\my poem\debug\my poem.pdb
f:\c++\my poem\my poem\debug\my poem.res
f:\c++\my poem\my poem\debug\my poem.tlog\cl.command.1.tlog
f:\c++\my poem\my poem\debug\my poem.tlog\cl.read.1.tlog
f:\c++\my poem\my poem\debug\my poem.tlog\cl.write.1.tlog
f:\c++\my poem\my poem\debug\my poem.tlog\link.command.1.tlog
f:\c++\my poem\my poem\debug\my poem.tlog\link.read.1.tlog
f:\c++\my poem\my poem\debug\my poem.tlog\link.write.1.tlog
f:\c++\my poem\my poem\debug\my poem.tlog\rc.command.1.tlog
f:\c++\my poem\my poem\debug\my poem.tlog\rc.read.1.tlog
f:\c++\my poem\my poem\debug\my poem.tlog\rc.write.1.tlog
